<?xml version="1.0" encoding="UTF-8"?>
<!-- Generated by org.testng.reporters.JUnitReportReporter -->
<testsuite hostname="DESKTOP-U15N31T" failures="0" tests="9" name="com.sgtesting.testng.ModifyUser" time="23.941" errors="0" timestamp="2022-09-21T15:20:50 IST" skipped="0">
  <testcase classname="com.sgtesting.testng.ModifyUser" name="launchBrowser" time="0.979"/>
  <system-out/>
  <testcase classname="com.sgtesting.testng.ModifyUser" name="navigate" time="5.804"/>
  <system-out/>
  <testcase classname="com.sgtesting.testng.ModifyUser" name="login" time="2.208"/>
  <system-out/>
  <testcase classname="com.sgtesting.testng.ModifyUser" name="minimizeflyOutWindow" time="2.082"/>
  <system-out/>
  <testcase classname="com.sgtesting.testng.ModifyUser" name="createuser" time="5.142"/>
  <system-out/>
  <testcase classname="com.sgtesting.testng.ModifyUser" name="deleteUser" time="0.037"/>
  <system-out/>
  <testcase classname="com.sgtesting.testng.ModifyUser" name="modifyUser" time="6.281"/>
  <system-out/>
  <testcase classname="com.sgtesting.testng.ModifyUser" name="logout" time="1.062"/>
  <system-out/>
  <testcase classname="com.sgtesting.testng.ModifyUser" name="closeApplication" time="0.346"/>
  <system-out/>
</testsuite> <!-- com.sgtesting.testng.ModifyUser -->
