<?xml version="1.0" encoding="UTF-8"?>
<!-- Generated by org.testng.reporters.JUnitReportReporter -->
<testsuite hostname="DESKTOP-U15N31T" failures="0" tests="9" name="com.sgtesting.testng.ModifyCustomer" time="44.814" errors="0" timestamp="2022-09-21T15:20:50 IST" skipped="0">
  <testcase classname="com.sgtesting.testng.ModifyCustomer" name="launchBrowser" time="1.038"/>
  <system-out/>
  <testcase classname="com.sgtesting.testng.ModifyCustomer" name="navigate" time="5.731"/>
  <system-out/>
  <testcase classname="com.sgtesting.testng.ModifyCustomer" name="login" time="2.210"/>
  <system-out/>
  <testcase classname="com.sgtesting.testng.ModifyCustomer" name="minimizeflyOutWindow" time="2.071"/>
  <system-out/>
  <testcase classname="com.sgtesting.testng.ModifyCustomer" name="createCustomer" time="18.765"/>
  <system-out/>
  <testcase classname="com.sgtesting.testng.ModifyCustomer" name="modifyCustomer" time="7.324"/>
  <system-out/>
  <testcase classname="com.sgtesting.testng.ModifyCustomer" name="deleteCustomer" time="2.104"/>
  <system-out/>
  <testcase classname="com.sgtesting.testng.ModifyCustomer" name="logout" time="5.249"/>
  <system-out/>
  <testcase classname="com.sgtesting.testng.ModifyCustomer" name="closeApplication" time="0.322"/>
  <system-out/>
</testsuite> <!-- com.sgtesting.testng.ModifyCustomer -->
