<?xml version="1.0" encoding="UTF-8"?>
<!-- Generated by org.testng.reporters.JUnitReportReporter -->
<testsuite hostname="DESKTOP-U15N31T" failures="0" tests="10" name="com.sgtesting.testng.CreateProject" time="64.017" errors="0" timestamp="2022-09-21T15:20:50 IST" skipped="0">
  <testcase classname="com.sgtesting.testng.CreateProject" name="launchBrowser" time="0.920"/>
  <system-out/>
  <testcase classname="com.sgtesting.testng.CreateProject" name="navigate" time="5.912"/>
  <system-out/>
  <testcase classname="com.sgtesting.testng.CreateProject" name="login" time="2.226"/>
  <system-out/>
  <testcase classname="com.sgtesting.testng.CreateProject" name="minimizeflyOutWindow" time="2.081"/>
  <system-out/>
  <testcase classname="com.sgtesting.testng.CreateProject" name="createCustomer" time="18.806"/>
  <system-out/>
  <testcase classname="com.sgtesting.testng.CreateProject" name="createProject" time="13.484"/>
  <system-out/>
  <testcase classname="com.sgtesting.testng.CreateProject" name="deleteProject" time="8.320"/>
  <system-out/>
  <testcase classname="com.sgtesting.testng.CreateProject" name="deleteCustomer" time="6.318"/>
  <system-out/>
  <testcase classname="com.sgtesting.testng.CreateProject" name="logout" time="5.610"/>
  <system-out/>
  <testcase classname="com.sgtesting.testng.CreateProject" name="closeApplication" time="0.340"/>
  <system-out/>
</testsuite> <!-- com.sgtesting.testng.CreateProject -->
