<?xml version="1.0" encoding="UTF-8"?>
<!-- Generated by org.testng.reporters.JUnitReportReporter -->
<testsuite hostname="DESKTOP-U15N31T" failures="0" tests="8" name="com.sgtesting.testng.CreateUserDeletw" time="18.420" errors="0" timestamp="2022-09-21T15:20:50 IST" skipped="0">
  <testcase classname="com.sgtesting.testng.CreateUserDeletw" name="launchBrowser" time="1.455"/>
  <system-out/>
  <testcase classname="com.sgtesting.testng.CreateUserDeletw" name="navigate" time="5.821"/>
  <system-out/>
  <testcase classname="com.sgtesting.testng.CreateUserDeletw" name="login" time="2.212"/>
  <system-out/>
  <testcase classname="com.sgtesting.testng.CreateUserDeletw" name="minimizeflyOutWindow" time="2.114"/>
  <system-out/>
  <testcase classname="com.sgtesting.testng.CreateUserDeletw" name="createuser" time="5.250"/>
  <system-out/>
  <testcase classname="com.sgtesting.testng.CreateUserDeletw" name="deleteUser" time="0.067"/>
  <system-out/>
  <testcase classname="com.sgtesting.testng.CreateUserDeletw" name="logout" time="1.170"/>
  <system-out/>
  <testcase classname="com.sgtesting.testng.CreateUserDeletw" name="closeApplication" time="0.331"/>
  <system-out/>
</testsuite> <!-- com.sgtesting.testng.CreateUserDeletw -->
