<?xml version="1.0" encoding="UTF-8"?>
<!-- Generated by org.testng.reporters.JUnitReportReporter -->
<testsuite hostname="DESKTOP-U15N31T" failures="0" tests="12" name="com.sgtesting.testng.CreateDeleteTask" time="73.066" errors="0" timestamp="2022-09-21T15:20:50 IST" skipped="0">
  <testcase classname="com.sgtesting.testng.CreateDeleteTask" name="launchBrowser" time="0.976"/>
  <system-out/>
  <testcase classname="com.sgtesting.testng.CreateDeleteTask" name="navigate" time="5.938"/>
  <system-out/>
  <testcase classname="com.sgtesting.testng.CreateDeleteTask" name="login" time="2.363"/>
  <system-out/>
  <testcase classname="com.sgtesting.testng.CreateDeleteTask" name="minimizeflyOutWindow" time="2.101"/>
  <system-out/>
  <testcase classname="com.sgtesting.testng.CreateDeleteTask" name="createCustomer" time="18.857"/>
  <system-out/>
  <testcase classname="com.sgtesting.testng.CreateDeleteTask" name="createProject" time="13.476"/>
  <system-out/>
  <testcase classname="com.sgtesting.testng.CreateDeleteTask" name="createTask" time="8.548"/>
  <system-out/>
  <testcase classname="com.sgtesting.testng.CreateDeleteTask" name="deleteTask" time="0.136"/>
  <system-out/>
  <testcase classname="com.sgtesting.testng.CreateDeleteTask" name="deleteProject" time="8.354"/>
  <system-out/>
  <testcase classname="com.sgtesting.testng.CreateDeleteTask" name="deleteCustomer" time="6.333"/>
  <system-out/>
  <testcase classname="com.sgtesting.testng.CreateDeleteTask" name="logout" time="5.647"/>
  <system-out/>
  <testcase classname="com.sgtesting.testng.CreateDeleteTask" name="closeApplication" time="0.337"/>
  <system-out/>
</testsuite> <!-- com.sgtesting.testng.CreateDeleteTask -->
