<?xml version="1.0" encoding="UTF-8"?>
<!-- Generated by org.testng.reporters.JUnitReportReporter -->
<testsuite hostname="DESKTOP-U15N31T" failures="0" tests="11" name="com.sgtesting.testng.ModifyProject" time="33.625" errors="0" timestamp="2022-09-21T15:20:50 IST" skipped="0">
  <testcase classname="com.sgtesting.testng.ModifyProject" name="launchBrowser" time="0.911"/>
  <system-out/>
  <testcase classname="com.sgtesting.testng.ModifyProject" name="navigate" time="5.948"/>
  <system-out/>
  <testcase classname="com.sgtesting.testng.ModifyProject" name="login" time="2.228"/>
  <system-out/>
  <testcase classname="com.sgtesting.testng.ModifyProject" name="minimizeflyOutWindow" time="2.081"/>
  <system-out/>
  <testcase classname="com.sgtesting.testng.ModifyProject" name="createCustomer" time="18.812"/>
  <system-out/>
  <testcase classname="com.sgtesting.testng.ModifyProject" name="createProject" time="1.069"/>
  <system-out/>
  <testcase classname="com.sgtesting.testng.ModifyProject" name="modifyProject" time="0.024"/>
  <system-out/>
  <testcase classname="com.sgtesting.testng.ModifyProject" name="deleteProject" time="0.022"/>
  <system-out/>
  <testcase classname="com.sgtesting.testng.ModifyProject" name="deleteCustomer" time="1.069"/>
  <system-out/>
  <testcase classname="com.sgtesting.testng.ModifyProject" name="logout" time="1.128"/>
  <system-out/>
  <testcase classname="com.sgtesting.testng.ModifyProject" name="closeApplication" time="0.333"/>
  <system-out/>
</testsuite> <!-- com.sgtesting.testng.ModifyProject -->
