<?xml version="1.0" encoding="UTF-8"?>
<!-- Generated by org.testng.reporters.JUnitReportReporter -->
<testsuite hostname="DESKTOP-U15N31T" failures="0" tests="8" name="com.sgtesting.testng.CreateCustomer" time="48.805" errors="0" timestamp="2022-09-21T15:20:50 IST" skipped="0">
  <testcase classname="com.sgtesting.testng.CreateCustomer" name="launchBrowser" time="5.956"/>
  <system-out/>
  <testcase classname="com.sgtesting.testng.CreateCustomer" name="navigate" time="6.895"/>
  <system-out/>
  <testcase classname="com.sgtesting.testng.CreateCustomer" name="login" time="2.412"/>
  <system-out/>
  <testcase classname="com.sgtesting.testng.CreateCustomer" name="minimizeflyOutWindow" time="2.075"/>
  <system-out/>
  <testcase classname="com.sgtesting.testng.CreateCustomer" name="createCustomer" time="19.074"/>
  <system-out/>
  <testcase classname="com.sgtesting.testng.CreateCustomer" name="deleteCustomer" time="6.300"/>
  <system-out/>
  <testcase classname="com.sgtesting.testng.CreateCustomer" name="logout" time="5.647"/>
  <system-out/>
  <testcase classname="com.sgtesting.testng.CreateCustomer" name="closeApplication" time="0.446"/>
  <system-out/>
</testsuite> <!-- com.sgtesting.testng.CreateCustomer -->
