<?xml version="1.0" encoding="UTF-8"?>
<!-- Generated by org.testng.reporters.JUnitReportReporter -->
<testsuite skipped="0" hostname="DESKTOP-U15N31T" name="com.sgtesting.ActiTime.stepdefinitions.ForLoopDemo" tests="1" failures="0" timestamp="2022-10-03T19:05:00 IST" time="0.062" errors="0">
  <testcase name="showNumber" time="0.062" classname="com.sgtesting.ActiTime.stepdefinitions.ForLoopDemo"/>
  <system-out/>
</testsuite> <!-- com.sgtesting.ActiTime.stepdefinitions.ForLoopDemo -->
